#
# There is insufficient memory for the Java Runtime Environment to continue.
# Native memory allocation (mmap) failed to map 134217728 bytes for G1 virtual space
# Possible reasons:
#   The system is out of physical RAM or swap space
#   The process is running with CompressedOops enabled, and the Java Heap may be blocking the growth of the native heap
# Possible solutions:
#   Reduce memory load on the system
#   Increase physical memory or swap space
#   Check if swap backing store is full
#   Decrease Java heap size (-Xmx/-Xms)
#   Decrease number of Java threads
#   Decrease Java thread stack sizes (-Xss)
#   Set larger code cache with -XX:ReservedCodeCacheSize=
#   JVM is running with Unscaled Compressed Oops mode in which the Java heap is
#     placed in the first 4GB address space. The Java Heap base address is the
#     maximum limit for the native heap growth. Please use -XX:HeapBaseMinAddress
#     to set the Java Heap base and to place the Java Heap above 4GB virtual address.
# This output file may be truncated or incomplete.
#
#  Out of Memory Error (os_windows.cpp:3528), pid=2468, tid=27492
#
# JRE version:  (20.0.2+9) (build )
# Java VM: Java HotSpot(TM) 64-Bit Server VM (20.0.2+9-78, mixed mode, sharing, tiered, compressed oops, compressed class ptrs, g1 gc, windows-amd64)
# No core dump will be written. Minidumps are not enabled by default on client versions of Windows
#

---------------  S U M M A R Y ------------

Command Line: -Dclassworlds.conf=C:/Users/pc/Downloads/apache-maven-3.9.4-bin/apache-maven-3.9.4/bin/m2.conf -Dmaven.home=C:/Users/pc/Downloads/apache-maven-3.9.4-bin/apache-maven-3.9.4 -Dlibrary.jansi.path=C:/Users/pc/Downloads/apache-maven-3.9.4-bin/apache-maven-3.9.4/lib/jansi-native -Dmaven.multiModuleProjectDirectory=C:/Desenvolvimento/SliceTech-api org.codehaus.plexus.classworlds.launcher.Launcher clean verify sonar:sonar -Dsonar.projectKey=Slice -Dsonar.projectName=Slice -Dsonar.host.url=http://localhost:9000 -Dsonar.token=sqp_997cce7e19d900cd99867834717ccee6376eb908

Host: Intel(R) Core(TM) i5-8265U CPU @ 1.60GHz, 8 cores, 7G,  Windows 11 , 64 bit Build 22000 (10.0.22000.2124)
Time: Tue Sep 19 21:59:05 2023 Hora oficial do Brasil elapsed time: 0.020959 seconds (0d 0h 0m 0s)

---------------  T H R E A D  ---------------

Current thread (0x0000029925f35370):  JavaThread "Unknown thread" [_thread_in_vm, id=27492, stack(0x000000c73ba00000,0x000000c73bb00000)]

Stack: [0x000000c73ba00000,0x000000c73bb00000]
Native frames: (J=compiled Java code, j=interpreted, Vv=VM code, C=native code)
V  [jvm.dll+0x6bc25a]
V  [jvm.dll+0x84971a]
V  [jvm.dll+0x84b315]
V  [jvm.dll+0x84ba13]
V  [jvm.dll+0x280e4f]
V  [jvm.dll+0x6b8fe9]
V  [jvm.dll+0x6adbca]
V  [jvm.dll+0x35b165]
V  [jvm.dll+0x363386]
V  [jvm.dll+0x3b400e]
V  [jvm.dll+0x3b4295]
V  [jvm.dll+0x32b86a]
V  [jvm.dll+0x32c68b]
V  [jvm.dll+0x8123df]
V  [jvm.dll+0x3c1261]
V  [jvm.dll+0x7fe103]
V  [jvm.dll+0x44ccaf]
V  [jvm.dll+0x44e621]
C  [jli.dll+0x5287]
C  [ucrtbase.dll+0x26c0c]
C  [KERNEL32.DLL+0x155a0]
C  [ntdll.dll+0x485b]


---------------  P R O C E S S  ---------------

Threads class SMR info:
_java_thread_list=0x00007ffb2559b118, length=0, elements={
}

Java Threads: ( => current thread )

Other Threads:
  0x0000029925f951c0 WorkerThread "GC Thread#0" [stack: 0x000000c73bb00000,0x000000c73bc00000] [id=21196]
  0x0000029925fa5f60 ConcurrentGCThread "G1 Main Marker" [stack: 0x000000c73bc00000,0x000000c73bd00000] [id=15460]
  0x0000029925fa7040 WorkerThread "G1 Conc#0" [stack: 0x000000c73bd00000,0x000000c73be00000] [id=33172]

[error occurred during error reporting (printing all threads), id 0xc0000005, EXCEPTION_ACCESS_VIOLATION (0xc0000005) at pc=0x00007ffb24d7eea7]
VM state: not at safepoint (not fully initialized)

VM Mutex/Monitor currently owned by a thread:  ([mutex/lock_event])
[0x0000029925f314d0] Heap_lock - owner thread: 0x0000029925f35370

Heap address: 0x0000000081c00000, size: 2020 MB, Compressed Oops mode: 32-bit

CDS archive(s) mapped at: [0x0000000000000000-0x0000000000000000-0x0000000000000000), size 0, SharedBaseAddress: 0x0000000800000000, ArchiveRelocationMode: 1.
Narrow klass base: 0x0000000000000000, Narrow klass shift: 0, Narrow klass range: 0x0

GC Precious Log:
 CardTable entry size: 512
 Card Set container configuration: InlinePtr #cards 5 size 8 Array Of Cards #cards 12 size 40 Howl #buckets 4 coarsen threshold 1843 Howl Bitmap #cards 512 size 80 coarsen threshold 460 Card regions per heap region 1 cards per card region 2048

Heap:
 garbage-first heap   total 0K, used 0K [0x0000000081c00000, 0x0000000100000000)
  region size 1024K, 0 young (0K), 0 survivors (0K)

[error occurred during error reporting (printing heap information), id 0xc0000005, EXCEPTION_ACCESS_VIOLATION (0xc0000005) at pc=0x00007ffb251547b9]
GC Heap History (0 events):
No events

Dll operation events (1 events):
Event: 0.013 Loaded shared library C:\Program Files\Java\jdk-20\bin\java.dll

Deoptimization events (0 events):
No events

Classes loaded (0 events):
No events

Classes unloaded (0 events):
No events

Classes redefined (0 events):
No events

Internal exceptions (0 events):
No events

VM Operations (0 events):
No events

Events (0 events):
No events


Dynamic libraries:
0x00007ff779dd0000 - 0x00007ff779de0000 	C:\Program Files\Java\jdk-20\bin\java.exe
0x00007ffb89dc0000 - 0x00007ffb89fc9000 	C:\WINDOWS\SYSTEM32\ntdll.dll
0x00007ffb89070000 - 0x00007ffb8912e000 	C:\WINDOWS\System32\KERNEL32.DLL
0x00007ffb87880000 - 0x00007ffb87c04000 	C:\WINDOWS\System32\KERNELBASE.dll
0x00007ffb872c0000 - 0x00007ffb873d1000 	C:\WINDOWS\System32\ucrtbase.dll
0x00007ffb766d0000 - 0x00007ffb766eb000 	C:\Program Files\Java\jdk-20\bin\VCRUNTIME140.dll
0x00007ffb767b0000 - 0x00007ffb767c9000 	C:\Program Files\Java\jdk-20\bin\jli.dll
0x00007ffb87c10000 - 0x00007ffb87cbf000 	C:\WINDOWS\System32\ADVAPI32.dll
0x00007ffb89160000 - 0x00007ffb89203000 	C:\WINDOWS\System32\msvcrt.dll
0x00007ffb89500000 - 0x00007ffb8959e000 	C:\WINDOWS\System32\sechost.dll
0x00007ffb89bf0000 - 0x00007ffb89d11000 	C:\WINDOWS\System32\RPCRT4.dll
0x00007ffb88ec0000 - 0x00007ffb8906d000 	C:\WINDOWS\System32\USER32.dll
0x00007ffb87500000 - 0x00007ffb87526000 	C:\WINDOWS\System32\win32u.dll
0x00007ffb647e0000 - 0x00007ffb64a85000 	C:\WINDOWS\WinSxS\amd64_microsoft.windows.common-controls_6595b64144ccf1df_6.0.22000.120_none_9d947278b86cc467\COMCTL32.dll
0x00007ffb89d40000 - 0x00007ffb89d6a000 	C:\WINDOWS\System32\GDI32.dll
0x00007ffb873e0000 - 0x00007ffb874ff000 	C:\WINDOWS\System32\gdi32full.dll
0x00007ffb87760000 - 0x00007ffb877fd000 	C:\WINDOWS\System32\msvcp_win.dll
0x00007ffb7c0b0000 - 0x00007ffb7c0ba000 	C:\WINDOWS\SYSTEM32\VERSION.dll
0x00007ffb87ef0000 - 0x00007ffb87f21000 	C:\WINDOWS\System32\IMM32.DLL
0x00007ffb778d0000 - 0x00007ffb778dc000 	C:\Program Files\Java\jdk-20\bin\vcruntime140_1.dll
0x00007ffb71f90000 - 0x00007ffb7201e000 	C:\Program Files\Java\jdk-20\bin\msvcp140.dll
0x00007ffb24a40000 - 0x00007ffb256d8000 	C:\Program Files\Java\jdk-20\bin\server\jvm.dll
0x00007ffb74bd0000 - 0x00007ffb74bd9000 	C:\WINDOWS\SYSTEM32\WSOCK32.dll
0x00007ffb7fd00000 - 0x00007ffb7fd33000 	C:\WINDOWS\SYSTEM32\WINMM.dll
0x00007ffb87cc0000 - 0x00007ffb87d2f000 	C:\WINDOWS\System32\WS2_32.dll
0x00007ffb86280000 - 0x00007ffb86298000 	C:\WINDOWS\SYSTEM32\kernel.appcore.dll
0x00007ffb76800000 - 0x00007ffb7680a000 	C:\Program Files\Java\jdk-20\bin\jimage.dll
0x00007ffb7fff0000 - 0x00007ffb80211000 	C:\WINDOWS\SYSTEM32\DBGHELP.DLL
0x00007ffb7d400000 - 0x00007ffb7d431000 	C:\WINDOWS\SYSTEM32\dbgcore.DLL
0x00007ffb87800000 - 0x00007ffb8787f000 	C:\WINDOWS\System32\bcryptPrimitives.dll
0x00007ffb75d20000 - 0x00007ffb75d46000 	C:\Program Files\Java\jdk-20\bin\java.dll

dbghelp: loaded successfully - version: 4.0.5 - missing functions: none
symbol engine: initialized successfully - sym options: 0x614 - pdb path: .;C:\Program Files\Java\jdk-20\bin;C:\WINDOWS\SYSTEM32;C:\WINDOWS\WinSxS\amd64_microsoft.windows.common-controls_6595b64144ccf1df_6.0.22000.120_none_9d947278b86cc467;C:\Program Files\Java\jdk-20\bin\server

VM Arguments:
jvm_args: -Dclassworlds.conf=C:/Users/pc/Downloads/apache-maven-3.9.4-bin/apache-maven-3.9.4/bin/m2.conf -Dmaven.home=C:/Users/pc/Downloads/apache-maven-3.9.4-bin/apache-maven-3.9.4 -Dlibrary.jansi.path=C:/Users/pc/Downloads/apache-maven-3.9.4-bin/apache-maven-3.9.4/lib/jansi-native -Dmaven.multiModuleProjectDirectory=C:/Desenvolvimento/SliceTech-api 
java_command: org.codehaus.plexus.classworlds.launcher.Launcher clean verify sonar:sonar -Dsonar.projectKey=Slice -Dsonar.projectName=Slice -Dsonar.host.url=http://localhost:9000 -Dsonar.token=sqp_997cce7e19d900cd99867834717ccee6376eb908
java_class_path (initial): C:/Users/pc/Downloads/apache-maven-3.9.4-bin/apache-maven-3.9.4/boot/plexus-classworlds-2.7.0.jar
Launcher Type: SUN_STANDARD

[Global flags]
     intx CICompilerCount                          = 4                                         {product} {ergonomic}
     uint ConcGCThreads                            = 2                                         {product} {ergonomic}
     uint G1ConcRefinementThreads                  = 8                                         {product} {ergonomic}
   size_t G1HeapRegionSize                         = 1048576                                   {product} {ergonomic}
    uintx GCDrainStackTargetSize                   = 64                                        {product} {ergonomic}
   size_t InitialHeapSize                          = 134217728                                 {product} {ergonomic}
   size_t MarkStackSize                            = 4194304                                   {product} {ergonomic}
   size_t MaxHeapSize                              = 2118123520                                {product} {ergonomic}
   size_t MinHeapDeltaBytes                        = 1048576                                   {product} {ergonomic}
   size_t MinHeapSize                              = 8388608                                   {product} {ergonomic}
    uintx NonNMethodCodeHeapSize                   = 5839372                                {pd product} {ergonomic}
    uintx NonProfiledCodeHeapSize                  = 122909434                              {pd product} {ergonomic}
    uintx ProfiledCodeHeapSize                     = 122909434                              {pd product} {ergonomic}
    uintx ReservedCodeCacheSize                    = 251658240                              {pd product} {ergonomic}
     bool SegmentedCodeCache                       = true                                      {product} {ergonomic}
   size_t SoftMaxHeapSize                          = 2118123520                             {manageable} {ergonomic}
     bool UseCompressedClassPointers               = true                           {product lp64_product} {ergonomic}
     bool UseCompressedOops                        = true                           {product lp64_product} {ergonomic}
     bool UseG1GC                                  = true                                      {product} {ergonomic}
     bool UseLargePagesIndividualAllocation        = false                                  {pd product} {ergonomic}

Logging:
Log output configuration:
 #0: stdout all=warning uptime,level,tags foldmultilines=false
 #1: stderr all=off uptime,level,tags foldmultilines=false

Environment Variables:
PATH=C:\Users\pc\bin;C:\Program Files\Git\mingw64\bin;C:\Program Files\Git\usr\local\bin;C:\Program Files\Git\usr\bin;C:\Program Files\Git\usr\bin;C:\Program Files\Git\mingw64\bin;C:\Program Files\Git\usr\bin;C:\Users\pc\bin;C:\Program Files\Common Files\Oracle\Java\javapath;C:\WINDOWS\system32;C:\WINDOWS;C:\WINDOWS\System32\Wbem;C:\WINDOWS\System32\WindowsPowerShell\v1.0;C:\WINDOWS\System32\OpenSSH;C:\Program Files\Git\usr\bin;C:\Program Files\Microsoft SQL Server\Client SDK\ODBC\170\Tools\Binn;C:\Program Files (x86)\Microsoft SQL Server\150\Tools\Binn;C:\Program Files\Microsoft SQL Server\150\Tools\Binn;C:\Program Files\Microsoft SQL Server\150\DTS\Binn;C:\Program Files (x86)\Microsoft SQL Server\160\DTS\Binn;C:\Program Files\Azure Data Studio\bin;C:\Program Files\PostgreSQL\15\bin;C:\Program Files\nodejs;C:\Program Files\Docker\Docker\resources\bin;C:\Users\pc\Downloads\apache-maven-3.9.4-bin\apache-maven-3.9.4\bin;C:\Program Files\MySQL\MySQL Shell 8.0\bin;C:\Users\pc\AppData\Local\Microsoft\WindowsApps;C:\Users\pc\AppData\Local\Programs\Microsoft VS Code\bin;C:\Program Files\Azure Data Studio\bin;C:\Program Files\PostgreSQL\15\bin;C:\Program Files\PostgreSQL\12\bin;C:\Users\pc\AppData\Roaming\npm;C:\Program Files\JetBrains\PhpStorm 2023.1.4\bin;C:\php-8.2.8;C:\Users\pc\Downloads\apache-maven-3.9.4-bin\apache-maven-3.9.4\bin;C:\Program Files\Git\usr\bin\vendor_perl;C:\Program Files\Git\usr\bin\core_perl
USERNAME=pc
SHELL=C:\Program Files\Git\usr\bin\bash.exe
DISPLAY=needs-to-be-defined
LC_CTYPE=pt_BR.UTF-8
TERM=xterm
TMPDIR=C:\Users\pc\AppData\Local\Temp
OS=Windows_NT
PROCESSOR_IDENTIFIER=Intel64 Family 6 Model 142 Stepping 12, GenuineIntel
TMP=C:\Users\pc\AppData\Local\Temp
TEMP=C:\Users\pc\AppData\Local\Temp




---------------  S Y S T E M  ---------------

OS:
 Windows 11 , 64 bit Build 22000 (10.0.22000.2124)
OS uptime: 12 days 2:11 hours
Hyper-V role detected

CPU: total 8 (initial active 8) (4 cores per cpu, 2 threads per core) family 6 model 142 stepping 12 microcode 0xde, cx8, cmov, fxsr, ht, mmx, 3dnowpref, sse, sse2, sse3, ssse3, sse4.1, sse4.2, popcnt, lzcnt, tsc, tscinvbit, avx, avx2, aes, erms, clmul, bmi1, bmi2, adx, fma, vzeroupper, clflush, clflushopt, hv, rdtscp, f16c

Memory: 4k page, system-wide physical 8072M (93M free)
TotalPageFile size 32648M (AvailPageFile size 32M)
current process WorkingSet (physical memory assigned to process): 10M, peak: 10M
current process commit charge ("private bytes"): 60M, peak: 188M

vm_info: Java HotSpot(TM) 64-Bit Server VM (20.0.2+9-78) for windows-amd64 JRE (20.0.2+9-78), built on 2023-06-14T10:08:48Z by "mach5one" with MS VC++ 17.1 (VS2022)

END.
